This file contains any messages produced by compilers while
running configure, to aid debugging if configure makes a mistake.

It was created by configure, which was
generated by GNU Autoconf 2.61.  Invocation command line was

  $ ./configure 

## --------- ##
## Platform. ##
## --------- ##

hostname = huiwuliu-Aspire-E1-571G
uname -m = x86_64
uname -r = 3.13.0-29-generic
uname -s = Linux
uname -v = #53-Ubuntu SMP Wed Jun 4 21:00:20 UTC 2014

/usr/bin/uname -p = unknown
/bin/uname -X     = unknown

/bin/arch              = unknown
/usr/bin/arch -k       = unknown
/usr/convex/getsysinfo = unknown
/usr/bin/hostinfo      = unknown
/bin/machine           = unknown
/usr/bin/oslevel       = unknown
/bin/universe          = unknown

PATH: /usr/local/sbin
PATH: /usr/local/bin
PATH: /usr/sbin
PATH: /usr/bin
PATH: /sbin
PATH: /bin
PATH: /usr/games
PATH: /usr/local/games


## ----------- ##
## Core tests. ##
## ----------- ##

configure:1999: checking for a BSD-compatible install
configure:2055: result: /usr/bin/install -c
configure:2066: checking whether build environment is sane
configure:2109: result: yes
configure:2174: checking for gawk
configure:2190: found /usr/bin/gawk
configure:2201: result: gawk
configure:2212: checking whether make sets $(MAKE)
configure:2233: result: yes
configure:2458: checking for gcc
configure:2474: found /usr/bin/gcc
configure:2485: result: gcc
configure:2723: checking for C compiler version
configure:2730: gcc --version >&5
gcc (Ubuntu 4.8.2-19ubuntu1) 4.8.2
Copyright (C) 2013 Free Software Foundation, Inc.
This is free software; see the source for copying conditions.  There is NO
warranty; not even for MERCHANTABILITY or FITNESS FOR A PARTICULAR PURPOSE.

configure:2733: $? = 0
configure:2740: gcc -v >&5
Using built-in specs.
COLLECT_GCC=gcc
COLLECT_LTO_WRAPPER=/usr/lib/gcc/x86_64-linux-gnu/4.8/lto-wrapper
Target: x86_64-linux-gnu
Configured with: ../src/configure -v --with-pkgversion='Ubuntu 4.8.2-19ubuntu1' --with-bugurl=file:///usr/share/doc/gcc-4.8/README.Bugs --enable-languages=c,c++,java,go,d,fortran,objc,obj-c++ --prefix=/usr --program-suffix=-4.8 --enable-shared --enable-linker-build-id --libexecdir=/usr/lib --without-included-gettext --enable-threads=posix --with-gxx-include-dir=/usr/include/c++/4.8 --libdir=/usr/lib --enable-nls --with-sysroot=/ --enable-clocale=gnu --enable-libstdcxx-debug --enable-libstdcxx-time=yes --enable-gnu-unique-object --disable-libmudflap --enable-plugin --with-system-zlib --disable-browser-plugin --enable-java-awt=gtk --enable-gtk-cairo --with-java-home=/usr/lib/jvm/java-1.5.0-gcj-4.8-amd64/jre --enable-java-home --with-jvm-root-dir=/usr/lib/jvm/java-1.5.0-gcj-4.8-amd64 --with-jvm-jar-dir=/usr/lib/jvm-exports/java-1.5.0-gcj-4.8-amd64 --with-arch-directory=amd64 --with-ecj-jar=/usr/share/java/eclipse-ecj.jar --enable-objc-gc --enable-multiarch --disable-werror --with-arch-32=i686 --with-abi=m64 --with-multilib-list=m32,m64,mx32 --with-tune=generic --enable-checking=release --build=x86_64-linux-gnu --host=x86_64-linux-gnu --target=x86_64-linux-gnu
Thread model: posix
gcc version 4.8.2 (Ubuntu 4.8.2-19ubuntu1) 
configure:2743: $? = 0
configure:2750: gcc -V >&5
gcc: error: unrecognized command line option '-V'
gcc: fatal error: no input files
compilation terminated.
configure:2753: $? = 4
configure:2776: checking for C compiler default output file name
configure:2803: gcc    conftest.c  >&5
configure:2806: $? = 0
configure:2844: result: a.out
configure:2861: checking whether the C compiler works
configure:2871: ./a.out
configure:2874: $? = 0
configure:2891: result: yes
configure:2898: checking whether we are cross compiling
configure:2900: result: no
configure:2903: checking for suffix of executables
configure:2910: gcc -o conftest    conftest.c  >&5
configure:2913: $? = 0
configure:2937: result: 
configure:2943: checking for suffix of object files
configure:2969: gcc -c   conftest.c >&5
configure:2972: $? = 0
configure:2995: result: o
configure:2999: checking whether we are using the GNU C compiler
configure:3028: gcc -c   conftest.c >&5
configure:3034: $? = 0
configure:3051: result: yes
configure:3056: checking whether gcc accepts -g
configure:3086: gcc -c -g  conftest.c >&5
configure:3092: $? = 0
configure:3191: result: yes
configure:3208: checking for gcc option to accept ISO C89
configure:3282: gcc  -c -g -O2  conftest.c >&5
configure:3288: $? = 0
configure:3311: result: none needed
configure:3340: checking for style of include used by make
configure:3368: result: GNU
configure:3396: checking dependency style of gcc
configure:3486: result: gcc3
configure:3561: checking for g++
configure:3577: found /usr/bin/g++
configure:3588: result: g++
configure:3619: checking for C++ compiler version
configure:3626: g++ --version >&5
g++ (Ubuntu 4.8.2-19ubuntu1) 4.8.2
Copyright (C) 2013 Free Software Foundation, Inc.
This is free software; see the source for copying conditions.  There is NO
warranty; not even for MERCHANTABILITY or FITNESS FOR A PARTICULAR PURPOSE.

configure:3629: $? = 0
configure:3636: g++ -v >&5
Using built-in specs.
COLLECT_GCC=g++
COLLECT_LTO_WRAPPER=/usr/lib/gcc/x86_64-linux-gnu/4.8/lto-wrapper
Target: x86_64-linux-gnu
Configured with: ../src/configure -v --with-pkgversion='Ubuntu 4.8.2-19ubuntu1' --with-bugurl=file:///usr/share/doc/gcc-4.8/README.Bugs --enable-languages=c,c++,java,go,d,fortran,objc,obj-c++ --prefix=/usr --program-suffix=-4.8 --enable-shared --enable-linker-build-id --libexecdir=/usr/lib --without-included-gettext --enable-threads=posix --with-gxx-include-dir=/usr/include/c++/4.8 --libdir=/usr/lib --enable-nls --with-sysroot=/ --enable-clocale=gnu --enable-libstdcxx-debug --enable-libstdcxx-time=yes --enable-gnu-unique-object --disable-libmudflap --enable-plugin --with-system-zlib --disable-browser-plugin --enable-java-awt=gtk --enable-gtk-cairo --with-java-home=/usr/lib/jvm/java-1.5.0-gcj-4.8-amd64/jre --enable-java-home --with-jvm-root-dir=/usr/lib/jvm/java-1.5.0-gcj-4.8-amd64 --with-jvm-jar-dir=/usr/lib/jvm-exports/java-1.5.0-gcj-4.8-amd64 --with-arch-directory=amd64 --with-ecj-jar=/usr/share/java/eclipse-ecj.jar --enable-objc-gc --enable-multiarch --disable-werror --with-arch-32=i686 --with-abi=m64 --with-multilib-list=m32,m64,mx32 --with-tune=generic --enable-checking=release --build=x86_64-linux-gnu --host=x86_64-linux-gnu --target=x86_64-linux-gnu
Thread model: posix
gcc version 4.8.2 (Ubuntu 4.8.2-19ubuntu1) 
configure:3639: $? = 0
configure:3646: g++ -V >&5
g++: error: unrecognized command line option '-V'
g++: fatal error: no input files
compilation terminated.
configure:3649: $? = 4
configure:3652: checking whether we are using the GNU C++ compiler
configure:3681: g++ -c   conftest.cpp >&5
configure:3687: $? = 0
configure:3704: result: yes
configure:3709: checking whether g++ accepts -g
configure:3739: g++ -c -g  conftest.cpp >&5
configure:3745: $? = 0
configure:3844: result: yes
configure:3869: checking dependency style of g++
configure:3959: result: gcc3
configure:4054: checking build system type
configure:4072: result: x86_64-unknown-linux-gnu
configure:4094: checking host system type
configure:4109: result: x86_64-unknown-linux-gnu
configure:4131: checking for a sed that does not truncate output
configure:4185: result: /bin/sed
configure:4188: checking for grep that handles long lines and -e
configure:4262: result: /bin/grep
configure:4267: checking for egrep
configure:4345: result: /bin/grep -E
configure:4361: checking for ld used by gcc
configure:4428: result: /usr/bin/ld
configure:4437: checking if the linker (/usr/bin/ld) is GNU ld
configure:4452: result: yes
configure:4457: checking for /usr/bin/ld option to reload object files
configure:4464: result: -r
configure:4482: checking for BSD-compatible nm
configure:4531: result: /usr/bin/nm -B
configure:4535: checking whether ln -s works
configure:4539: result: yes
configure:4546: checking how to recognise dependent libraries
configure:4722: result: pass_all
configure:4810: gcc -c -g -O2  conftest.c >&5
configure:4813: $? = 0
configure:4956: checking how to run the C preprocessor
configure:4996: gcc -E  conftest.c
configure:5002: $? = 0
configure:5033: gcc -E  conftest.c
conftest.c:8:28: fatal error: ac_nonexistent.h: No such file or directory
 #include <ac_nonexistent.h>
                            ^
compilation terminated.
configure:5039: $? = 1
configure: failed program was:
| /* confdefs.h.  */
| #define PACKAGE_NAME ""
| #define PACKAGE_TARNAME ""
| #define PACKAGE_VERSION ""
| #define PACKAGE_STRING ""
| #define PACKAGE_BUGREPORT ""
| /* end confdefs.h.  */
| #include <ac_nonexistent.h>
configure:5072: result: gcc -E
configure:5101: gcc -E  conftest.c
configure:5107: $? = 0
configure:5138: gcc -E  conftest.c
conftest.c:8:28: fatal error: ac_nonexistent.h: No such file or directory
 #include <ac_nonexistent.h>
                            ^
compilation terminated.
configure:5144: $? = 1
configure: failed program was:
| /* confdefs.h.  */
| #define PACKAGE_NAME ""
| #define PACKAGE_TARNAME ""
| #define PACKAGE_VERSION ""
| #define PACKAGE_STRING ""
| #define PACKAGE_BUGREPORT ""
| /* end confdefs.h.  */
| #include <ac_nonexistent.h>
configure:5182: checking for ANSI C header files
configure:5212: gcc -c -g -O2  conftest.c >&5
configure:5218: $? = 0
configure:5317: gcc -o conftest -g -O2   conftest.c  >&5
configure:5320: $? = 0
configure:5326: ./conftest
configure:5329: $? = 0
configure:5346: result: yes
configure:5370: checking for sys/types.h
configure:5391: gcc -c -g -O2  conftest.c >&5
configure:5397: $? = 0
configure:5413: result: yes
configure:5370: checking for sys/stat.h
configure:5391: gcc -c -g -O2  conftest.c >&5
configure:5397: $? = 0
configure:5413: result: yes
configure:5370: checking for stdlib.h
configure:5391: gcc -c -g -O2  conftest.c >&5
configure:5397: $? = 0
configure:5413: result: yes
configure:5370: checking for string.h
configure:5391: gcc -c -g -O2  conftest.c >&5
configure:5397: $? = 0
configure:5413: result: yes
configure:5370: checking for memory.h
configure:5391: gcc -c -g -O2  conftest.c >&5
configure:5397: $? = 0
configure:5413: result: yes
configure:5370: checking for strings.h
configure:5391: gcc -c -g -O2  conftest.c >&5
configure:5397: $? = 0
configure:5413: result: yes
configure:5370: checking for inttypes.h
configure:5391: gcc -c -g -O2  conftest.c >&5
configure:5397: $? = 0
configure:5413: result: yes
configure:5370: checking for stdint.h
configure:5391: gcc -c -g -O2  conftest.c >&5
configure:5397: $? = 0
configure:5413: result: yes
configure:5370: checking for unistd.h
configure:5391: gcc -c -g -O2  conftest.c >&5
configure:5397: $? = 0
configure:5413: result: yes
configure:5440: checking dlfcn.h usability
configure:5457: gcc -c -g -O2  conftest.c >&5
configure:5463: $? = 0
configure:5477: result: yes
configure:5481: checking dlfcn.h presence
configure:5496: gcc -E  conftest.c
configure:5502: $? = 0
configure:5516: result: yes
configure:5544: checking for dlfcn.h
configure:5552: result: yes
configure:5575: checking how to run the C++ preprocessor
configure:5611: g++ -E  conftest.cpp
configure:5617: $? = 0
configure:5648: g++ -E  conftest.cpp
conftest.cpp:19:28: fatal error: ac_nonexistent.h: No such file or directory
 #include <ac_nonexistent.h>
                            ^
compilation terminated.
configure:5654: $? = 1
configure: failed program was:
| /* confdefs.h.  */
| #define PACKAGE_NAME ""
| #define PACKAGE_TARNAME ""
| #define PACKAGE_VERSION ""
| #define PACKAGE_STRING ""
| #define PACKAGE_BUGREPORT ""
| #define STDC_HEADERS 1
| #define HAVE_SYS_TYPES_H 1
| #define HAVE_SYS_STAT_H 1
| #define HAVE_STDLIB_H 1
| #define HAVE_STRING_H 1
| #define HAVE_MEMORY_H 1
| #define HAVE_STRINGS_H 1
| #define HAVE_INTTYPES_H 1
| #define HAVE_STDINT_H 1
| #define HAVE_UNISTD_H 1
| #define HAVE_DLFCN_H 1
| /* end confdefs.h.  */
| #include <ac_nonexistent.h>
configure:5687: result: g++ -E
configure:5716: g++ -E  conftest.cpp
configure:5722: $? = 0
configure:5753: g++ -E  conftest.cpp
conftest.cpp:19:28: fatal error: ac_nonexistent.h: No such file or directory
 #include <ac_nonexistent.h>
                            ^
compilation terminated.
configure:5759: $? = 1
configure: failed program was:
| /* confdefs.h.  */
| #define PACKAGE_NAME ""
| #define PACKAGE_TARNAME ""
| #define PACKAGE_VERSION ""
| #define PACKAGE_STRING ""
| #define PACKAGE_BUGREPORT ""
| #define STDC_HEADERS 1
| #define HAVE_SYS_TYPES_H 1
| #define HAVE_SYS_STAT_H 1
| #define HAVE_STDLIB_H 1
| #define HAVE_STRING_H 1
| #define HAVE_MEMORY_H 1
| #define HAVE_STRINGS_H 1
| #define HAVE_INTTYPES_H 1
| #define HAVE_STDINT_H 1
| #define HAVE_UNISTD_H 1
| #define HAVE_DLFCN_H 1
| /* end confdefs.h.  */
| #include <ac_nonexistent.h>
configure:5852: checking for g77
configure:5882: result: no
configure:5852: checking for xlf
configure:5882: result: no
configure:5852: checking for f77
configure:5882: result: no
configure:5852: checking for frt
configure:5882: result: no
configure:5852: checking for pgf77
configure:5882: result: no
configure:5852: checking for cf77
configure:5882: result: no
configure:5852: checking for fort77
configure:5882: result: no
configure:5852: checking for fl32
configure:5882: result: no
configure:5852: checking for af77
configure:5882: result: no
configure:5852: checking for xlf90
configure:5882: result: no
configure:5852: checking for f90
configure:5882: result: no
configure:5852: checking for pgf90
configure:5882: result: no
configure:5852: checking for pghpf
configure:5882: result: no
configure:5852: checking for epcf90
configure:5882: result: no
configure:5852: checking for gfortran
configure:5882: result: no
configure:5852: checking for g95
configure:5882: result: no
configure:5852: checking for xlf95
configure:5882: result: no
configure:5852: checking for f95
configure:5882: result: no
configure:5852: checking for fort
configure:5882: result: no
configure:5852: checking for ifort
configure:5882: result: no
configure:5852: checking for ifc
configure:5882: result: no
configure:5852: checking for efc
configure:5882: result: no
configure:5852: checking for pgf95
configure:5882: result: no
configure:5852: checking for lf95
configure:5882: result: no
configure:5852: checking for ftn
configure:5882: result: no
configure:5909: checking for Fortran 77 compiler version
configure:5916:  --version >&5
./configure: line 5917: --version: command not found
configure:5919: $? = 127
configure:5926:  -v >&5
./configure: line 5927: -v: command not found
configure:5929: $? = 127
configure:5936:  -V >&5
./configure: line 5937: -V: command not found
configure:5939: $? = 127
configure:5947: checking whether we are using the GNU Fortran 77 compiler
configure:5966:  -c  conftest.F >&5
./configure: line 5967: -c: command not found
configure:5972: $? = 127
configure: failed program was:
|       program main
| #ifndef __GNUC__
|        choke me
| #endif
| 
|       end
configure:5989: result: no
configure:5995: checking whether  accepts -g
configure:6012:  -c -g conftest.f >&5
./configure: line 6013: -c: command not found
configure:6018: $? = 127
configure: failed program was:
|       program main
| 
|       end
configure:6034: result: no
configure:6064: checking the maximum length of command line arguments
configure:6173: result: 32768
configure:6184: checking command to parse /usr/bin/nm -B output from gcc object
configure:6289: gcc -c -g -O2  conftest.c >&5
configure:6292: $? = 0
configure:6296: /usr/bin/nm -B conftest.o \| sed -n -e 's/^.*[ 	]\([ABCDGIRSTW][ABCDGIRSTW]*\)[ 	][ 	]*\([_A-Za-z][_A-Za-z0-9]*\)$/\1 \2 \2/p' \> conftest.nm
configure:6299: $? = 0
configure:6351: gcc -o conftest -g -O2   conftest.c conftstm.o >&5
configure:6354: $? = 0
configure:6392: result: ok
configure:6396: checking for objdir
configure:6411: result: .libs
configure:6503: checking for ar
configure:6519: found /usr/bin/ar
configure:6530: result: ar
configure:6599: checking for ranlib
configure:6615: found /usr/bin/ranlib
configure:6626: result: ranlib
configure:6695: checking for strip
configure:6711: found /usr/bin/strip
configure:6722: result: strip
configure:7008: checking if gcc supports -fno-rtti -fno-exceptions
configure:7026: gcc -c -g -O2  -fno-rtti -fno-exceptions conftest.c >&5
cc1: warning: command line option '-fno-rtti' is valid for C++/ObjC++ but not for C [enabled by default]
configure:7030: $? = 0
configure:7043: result: no
configure:7058: checking for gcc option to produce PIC
configure:7268: result: -fPIC
configure:7276: checking if gcc PIC flag -fPIC works
configure:7294: gcc -c -g -O2  -fPIC -DPIC conftest.c >&5
configure:7298: $? = 0
configure:7311: result: yes
configure:7339: checking if gcc static flag -static works
configure:7367: result: yes
configure:7377: checking if gcc supports -c -o file.o
configure:7398: gcc -c -g -O2  -o out/conftest2.o conftest.c >&5
configure:7402: $? = 0
configure:7424: result: yes
configure:7450: checking whether the gcc linker (/usr/bin/ld -m elf_x86_64) supports shared libraries
configure:8405: result: yes
configure:8426: checking whether -lc should be explicitly linked in
configure:8431: gcc -c -g -O2  conftest.c >&5
configure:8434: $? = 0
configure:8449: gcc -shared conftest.o  -v -Wl,-soname -Wl,conftest -o conftest 2\>\&1 \| grep  -lc  \>/dev/null 2\>\&1
configure:8452: $? = 0
configure:8464: result: no
configure:8472: checking dynamic linker characteristics
configure:9048: result: GNU/Linux ld.so
configure:9057: checking how to hardcode library paths into programs
configure:9082: result: immediate
configure:9096: checking whether stripping libraries is possible
configure:9101: result: yes
configure:9902: checking if libtool supports shared libraries
configure:9904: result: yes
configure:9907: checking whether to build shared libraries
configure:9928: result: yes
configure:9931: checking whether to build static libraries
configure:9935: result: yes
configure:10027: creating libtool
configure:10615: checking for ld used by g++
configure:10682: result: /usr/bin/ld -m elf_x86_64
configure:10691: checking if the linker (/usr/bin/ld -m elf_x86_64) is GNU ld
configure:10706: result: yes
configure:10757: checking whether the g++ linker (/usr/bin/ld -m elf_x86_64) supports shared libraries
configure:11691: result: yes
configure:11709: g++ -c -g -O2  conftest.cpp >&5
configure:11712: $? = 0
configure:11831: checking for g++ option to produce PIC
configure:12105: result: -fPIC
configure:12113: checking if g++ PIC flag -fPIC works
configure:12131: g++ -c -g -O2  -fPIC -DPIC conftest.cpp >&5
configure:12135: $? = 0
configure:12148: result: yes
configure:12176: checking if g++ static flag -static works
configure:12204: result: yes
configure:12214: checking if g++ supports -c -o file.o
configure:12235: g++ -c -g -O2  -o out/conftest2.o conftest.cpp >&5
configure:12239: $? = 0
configure:12261: result: yes
configure:12287: checking whether the g++ linker (/usr/bin/ld -m elf_x86_64) supports shared libraries
configure:12315: result: yes
configure:12382: checking dynamic linker characteristics
configure:12958: result: GNU/Linux ld.so
configure:12967: checking how to hardcode library paths into programs
configure:12992: result: immediate
configure:19110: checking whether build environment is sane
configure:19153: result: yes
configure:19286: creating ./config.status

## ---------------------- ##
## Running config.status. ##
## ---------------------- ##

This file was extended by config.status, which was
generated by GNU Autoconf 2.61.  Invocation command line was

  CONFIG_FILES    = 
  CONFIG_HEADERS  = 
  CONFIG_LINKS    = 
  CONFIG_COMMANDS = 
  $ ./config.status 

on huiwuliu-Aspire-E1-571G

config.status:668: creating Makefile
config.status:668: creating jwsmtp-1.32.pc
config.status:668: creating jwsmtp/Makefile
config.status:668: creating jwsmtp/jwsmtp/Makefile
config.status:668: creating docs/Makefile
config.status:668: creating config.h
config.status:887: config.h is unchanged
config.status:933: executing depfiles commands
configure:20562:
to compile and install jwsmtp
  make
  make install

## ---------------- ##
## Cache variables. ##
## ---------------- ##

ac_cv_build=x86_64-unknown-linux-gnu
ac_cv_c_compiler_gnu=yes
ac_cv_cxx_compiler_gnu=yes
ac_cv_env_CCC_set=
ac_cv_env_CCC_value=
ac_cv_env_CC_set=
ac_cv_env_CC_value=
ac_cv_env_CFLAGS_set=
ac_cv_env_CFLAGS_value=
ac_cv_env_CPPFLAGS_set=
ac_cv_env_CPPFLAGS_value=
ac_cv_env_CPP_set=
ac_cv_env_CPP_value=
ac_cv_env_CXXCPP_set=
ac_cv_env_CXXCPP_value=
ac_cv_env_CXXFLAGS_set=
ac_cv_env_CXXFLAGS_value=
ac_cv_env_CXX_set=
ac_cv_env_CXX_value=
ac_cv_env_F77_set=
ac_cv_env_F77_value=
ac_cv_env_FFLAGS_set=
ac_cv_env_FFLAGS_value=
ac_cv_env_LDFLAGS_set=
ac_cv_env_LDFLAGS_value=
ac_cv_env_LIBS_set=
ac_cv_env_LIBS_value=
ac_cv_env_build_alias_set=
ac_cv_env_build_alias_value=
ac_cv_env_host_alias_set=
ac_cv_env_host_alias_value=
ac_cv_env_target_alias_set=
ac_cv_env_target_alias_value=
ac_cv_f77_compiler_gnu=no
ac_cv_header_dlfcn_h=yes
ac_cv_header_inttypes_h=yes
ac_cv_header_memory_h=yes
ac_cv_header_stdc=yes
ac_cv_header_stdint_h=yes
ac_cv_header_stdlib_h=yes
ac_cv_header_string_h=yes
ac_cv_header_strings_h=yes
ac_cv_header_sys_stat_h=yes
ac_cv_header_sys_types_h=yes
ac_cv_header_unistd_h=yes
ac_cv_host=x86_64-unknown-linux-gnu
ac_cv_objext=o
ac_cv_path_EGREP='/bin/grep -E'
ac_cv_path_GREP=/bin/grep
ac_cv_path_install='/usr/bin/install -c'
ac_cv_prog_AWK=gawk
ac_cv_prog_CPP='gcc -E'
ac_cv_prog_CXXCPP='g++ -E'
ac_cv_prog_ac_ct_AR=ar
ac_cv_prog_ac_ct_CC=gcc
ac_cv_prog_ac_ct_CXX=g++
ac_cv_prog_ac_ct_RANLIB=ranlib
ac_cv_prog_ac_ct_STRIP=strip
ac_cv_prog_cc_c89=
ac_cv_prog_cc_g=yes
ac_cv_prog_cxx_g=yes
ac_cv_prog_f77_g=no
ac_cv_prog_make_make_set=yes
am_cv_CC_dependencies_compiler_type=gcc3
am_cv_CXX_dependencies_compiler_type=gcc3
lt_cv_deplibs_check_method=pass_all
lt_cv_file_magic_cmd='$MAGIC_CMD'
lt_cv_file_magic_test_file=
lt_cv_ld_reload_flag=-r
lt_cv_objdir=.libs
lt_cv_path_LD=/usr/bin/ld
lt_cv_path_LDCXX='/usr/bin/ld -m elf_x86_64'
lt_cv_path_NM='/usr/bin/nm -B'
lt_cv_path_SED=/bin/sed
lt_cv_prog_compiler_c_o=yes
lt_cv_prog_compiler_c_o_CXX=yes
lt_cv_prog_compiler_rtti_exceptions=no
lt_cv_prog_gnu_ld=yes
lt_cv_prog_gnu_ldcxx=yes
lt_cv_sys_global_symbol_pipe='sed -n -e '\''s/^.*[ 	]\([ABCDGIRSTW][ABCDGIRSTW]*\)[ 	][ 	]*\([_A-Za-z][_A-Za-z0-9]*\)$/\1 \2 \2/p'\'''
lt_cv_sys_global_symbol_to_c_name_address='sed -n -e '\''s/^: \([^ ]*\) $/  {\"\1\", (lt_ptr) 0},/p'\'' -e '\''s/^[BCDEGRST] \([^ ]*\) \([^ ]*\)$/  {"\2", (lt_ptr) \&\2},/p'\'''
lt_cv_sys_global_symbol_to_cdecl='sed -n -e '\''s/^. .* \(.*\)$/extern int \1;/p'\'''
lt_cv_sys_max_cmd_len=32768
lt_lt_cv_prog_compiler_c_o='"yes"'
lt_lt_cv_prog_compiler_c_o_CXX='"yes"'
lt_lt_cv_sys_global_symbol_pipe='"sed -n -e '\''s/^.*[ 	]\\([ABCDGIRSTW][ABCDGIRSTW]*\\)[ 	][ 	]*\\([_A-Za-z][_A-Za-z0-9]*\\)\$/\\1 \\2 \\2/p'\''"'
lt_lt_cv_sys_global_symbol_to_c_name_address='"sed -n -e '\''s/^: \\([^ ]*\\) \$/  {\\\"\\1\\\", (lt_ptr) 0},/p'\'' -e '\''s/^[BCDEGRST] \\([^ ]*\\) \\([^ ]*\\)\$/  {\"\\2\", (lt_ptr) \\&\\2},/p'\''"'
lt_lt_cv_sys_global_symbol_to_cdecl='"sed -n -e '\''s/^. .* \\(.*\\)\$/extern int \\1;/p'\''"'

## ----------------- ##
## Output variables. ##
## ----------------- ##

ACLOCAL='${SHELL} /home/huiwu-liu/software/jwsmtp-1.32.15/missing --run aclocal-1.9'
AMDEPBACKSLASH='\'
AMDEP_FALSE='#'
AMDEP_TRUE=''
AMTAR='${SHELL} /home/huiwu-liu/software/jwsmtp-1.32.15/missing --run tar'
AR='ar'
AUTOCONF='${SHELL} /home/huiwu-liu/software/jwsmtp-1.32.15/missing --run autoconf'
AUTOHEADER='${SHELL} /home/huiwu-liu/software/jwsmtp-1.32.15/missing --run autoheader'
AUTOMAKE='${SHELL} /home/huiwu-liu/software/jwsmtp-1.32.15/missing --run automake-1.9'
AWK='gawk'
CC='gcc'
CCDEPMODE='depmode=gcc3'
CFLAGS='-g -O2'
CPP='gcc -E'
CPPFLAGS=''
CXX='g++'
CXXCPP='g++ -E'
CXXDEPMODE='depmode=gcc3'
CXXFLAGS='-g -O2'
CYGPATH_W='echo'
DEFS='-DHAVE_CONFIG_H'
DEPDIR='.deps'
ECHO='echo'
ECHO_C=''
ECHO_N='-n'
ECHO_T=''
EGREP='/bin/grep -E'
EXEEXT=''
F77=''
FFLAGS=''
GREP='/bin/grep'
INSTALL_DATA='${INSTALL} -m 644'
INSTALL_PROGRAM='${INSTALL}'
INSTALL_SCRIPT='${INSTALL}'
INSTALL_STRIP_PROGRAM='${SHELL} $(install_sh) -c -s'
JWSMTP_API_VERSION='1.32'
JWSMTP_LIBRARY_NAME='jwsmtp'
JWSMTP_LIBRARY_VERSION='2:8:2'
JWSMTP_RELEASE='1.32'
JWSMTP_VERSION='1.32.15'
LDFLAGS=''
LIBOBJS=''
LIBS=''
LIBTOOL='$(SHELL) $(top_builddir)/libtool'
LN_S='ln -s'
LTLIBOBJS=''
MAKEINFO='${SHELL} /home/huiwu-liu/software/jwsmtp-1.32.15/missing --run makeinfo'
OBJEXT='o'
PACKAGE='jwsmtp'
PACKAGE_BUGREPORT=''
PACKAGE_NAME=''
PACKAGE_STRING=''
PACKAGE_TARNAME=''
PACKAGE_VERSION=''
PATH_SEPARATOR=':'
RANLIB='ranlib'
SET_MAKE=''
SHELL='/bin/bash'
STRIP='strip'
VERSION='1.32.15'
ac_ct_CC='gcc'
ac_ct_CXX='g++'
ac_ct_F77=''
am__fastdepCC_FALSE='#'
am__fastdepCC_TRUE=''
am__fastdepCXX_FALSE='#'
am__fastdepCXX_TRUE=''
am__include='include'
am__leading_dot='.'
am__quote=''
am__tar='${AMTAR} chof - "$$tardir"'
am__untar='${AMTAR} xf -'
bindir='${exec_prefix}/bin'
build='x86_64-unknown-linux-gnu'
build_alias=''
build_cpu='x86_64'
build_os='linux-gnu'
build_vendor='unknown'
datadir='${datarootdir}'
datarootdir='${prefix}/share'
docdir='${datarootdir}/doc/${PACKAGE}'
dvidir='${docdir}'
exec_prefix='${prefix}'
host='x86_64-unknown-linux-gnu'
host_alias=''
host_cpu='x86_64'
host_os='linux-gnu'
host_vendor='unknown'
htmldir='${docdir}'
includedir='${prefix}/include'
infodir='${datarootdir}/info'
install_sh='/home/huiwu-liu/software/jwsmtp-1.32.15/install-sh'
libdir='${exec_prefix}/lib'
libexecdir='${exec_prefix}/libexec'
localedir='${datarootdir}/locale'
localstatedir='${prefix}/var'
mandir='${datarootdir}/man'
mkdir_p='mkdir -p --'
oldincludedir='/usr/include'
pdfdir='${docdir}'
prefix='/usr/local'
program_transform_name='s,x,x,'
psdir='${docdir}'
sbindir='${exec_prefix}/sbin'
sharedstatedir='${prefix}/com'
sysconfdir='${prefix}/etc'
target_alias=''

## ----------- ##
## confdefs.h. ##
## ----------- ##

#define PACKAGE_NAME ""
#define PACKAGE_TARNAME ""
#define PACKAGE_VERSION ""
#define PACKAGE_STRING ""
#define PACKAGE_BUGREPORT ""
#define STDC_HEADERS 1
#define HAVE_SYS_TYPES_H 1
#define HAVE_SYS_STAT_H 1
#define HAVE_STDLIB_H 1
#define HAVE_STRING_H 1
#define HAVE_MEMORY_H 1
#define HAVE_STRINGS_H 1
#define HAVE_INTTYPES_H 1
#define HAVE_STDINT_H 1
#define HAVE_UNISTD_H 1
#define HAVE_DLFCN_H 1

configure: exit 0
